[fitnesso.webflow.io/index.html]
[backblue.gif]
[fade.gif]
[index.html]
[assets.website-files.com/5e80894f63c557e083ed96b4/css/fitnesso.934c84ac5.css]
[ajax.googleapis.com/ajax/libs/webfont/1.6.26/webfont.js]
[assets.website-files.com/5e80894f63c557e083ed96b4/5e848c97428d2ea1e93180b0_Favcon.png]
[assets.website-files.com/5e80894f63c557e083ed96b4/5e848c993fb6cf1526f47300_Webclip.png]
[fitnesso.webflow.io/free-workouts.html]
[fitnesso.webflow.io/about.html]
[fitnesso.webflow.io/shop.html]
[fitnesso.webflow.io/contact.html]
[assets.website-files.com/5e80894f63c557e083ed96b4/5e80a6e90c4ef4bcb4fd3071_Rectangle 439.png]
[assets.website-files.com/5e80894f63c557e083ed96b4/5e8318f6e893cd930956b324_logan-weaver-RBbwGEKBbD8-unsplash.jpg]
[assets.website-files.com/5e80894f63c557e083ed96b4/5e8318706203833a1bd11fad_logan-weaver-pD5kSwtNgMc-unsplash.jpg]
[assets.website-files.com/5e80894f63c557e083ed96b4/5e8318ac54f5dfdf7b9fe428_logan-weaver-24LpwagvuDY-unsplash.jpg]
[assets.website-files.com/5e80894f63c557e083ed96b4/5e8318b4e893cdf8c256b249_logan-weaver-Oyw8t2UTUWQ-unsplash.jpg]
[assets.website-files.com/5e80894f63c557e083ed96b4/5e80a6eadad44d80ed2be7b4_Rectangle 441.png]
[fitnesso.webflow.io/free-plans/the-perfect-outdoor-workout.html]
[assets.website-files.com/5e8303dd097a90ffd20e6b2f/5e831e3a9e9cc3b8eccc7caf_angelos-michalopoulos-S3Rs0DcvvK0-unsplash.jpg]
[assets.website-files.com/5e8303dd097a90ffd20e6b2f/5e831e7a9a30c575281c9d8d_logan-weaver-BvXh8e5M8YM-unsplash.jpg]
[assets.website-files.com/5e8303dd097a90ffd20e6b2f/5e831e2642594a3e47696a07_guillaume-bolduc-cfmBbDcCAQo-unsplash.jpg]
[fitnesso.webflow.io/product/home-burn.html]
[assets.website-files.com/5e8303dd097a90ffd20e6b2f/5e83136b6ceb87b39a1fa597_guillaume-bolduc-hdBaq9W0hRY-unsplash.jpg]
[fitnesso.webflow.io/product/shedded-meal-plan.html]
[assets.website-files.com/5e8303dd097a90ffd20e6b2f/5e8314f167d71f19f7a0189f_logan-weaver-RBbwGEKBbD8-unsplash.jpg]
[fitnesso.webflow.io/product/high-intensity-training.html]
[assets.website-files.com/5e8303dd097a90ffd20e6b2f/5e83149f3165d632eb81e21b_logan-weaver-brI7nj3kju8-unsplash.jpg]
[assets.website-files.com/5e80894f63c557e083ed96b4/5e80ac45d802d6068e8987b8_logan-weaver-WJUrYr5KqSw-unsplash 2.png]
[fitnesso.webflow.io/blog.html]
[assets.website-files.com/5e8303dd097a90ffd20e6b2f/5e8317969a30c531f61c7a2c_1585649558084-image14.jpg]
[assets.website-files.com/5e8303dd097a90ffd20e6b2f/5e848436ae1ad84d9cff791e_logan-weaver-nU1myxFkiMk-unsplash.jpg]
[assets.website-files.com/5e8303dd097a90ffd20e6b2f/5e848470f368a46ca30df605_joseph-gonzalez-fdlZBWIP0aM-unsplash.jpg]
[assets.website-files.com/5e80894f63c557e083ed96b4/5e80cc330c4ef42626fe067e_derick-mckinney-__QqvTI5Edc-unsplash.jpg]
[assets.website-files.com/5e80894f63c557e083ed96b4/5e80cc335836db3cdebdf20a_geert-pieters-3RnkZpDqsEI-unsplash.jpg]
[assets.website-files.com/5e80894f63c557e083ed96b4/5e80cc35a7eca1d6f394deb8_guillaume-bolduc-cfmBbDcCAQo-unsplash.jpg]
[assets.website-files.com/5e80894f63c557e083ed96b4/5e80cc3543a59d1e21194573_angelos-michalopoulos-S3Rs0DcvvK0-unsplash.jpg]
[assets.website-files.com/5e80894f63c557e083ed96b4/5e80cc395836db896fbdf20d_kelly-sikkema-IZOAOjvwhaM-unsplash.jpg]
[assets.website-files.com/5e80894f63c557e083ed96b4/5e80cc39dc5445cab2f2fc62_guillaume-bolduc-zFzR5K2-_xc-unsplash.jpg]
[assets.website-files.com/5e80894f63c557e083ed96b4/5e80cc39dad44dc6402ce3e5_morgan-petroski-rx6wXNsXUOE-unsplash.jpg]
[assets.website-files.com/5e80894f63c557e083ed96b4/5e80cc3929502f63a5ba28e2_hipcravo-DC5akQJyH4I-unsplash.jpg]
[fitnesso.webflow.io/licencing.html]
[d3e54v103j8qbb.cloudfront.net/js/jquery-3.5.1.min.dc5e7f18c88db8.js]
[fitnesso.webflow.io/index.html]
[assets.website-files.com/5e80894f63c557e083ed96b4/css/fitnesso.934c84ac5.css]
[assets.website-files.com/5e80894f63c557e083ed96b4/5e832f3642594a78b769c981_logan-weaver-p3xsJQiu2YA-unsplash.jpg]
[assets.website-files.com/5e80894f63c557e083ed96b4/js/fitnesso.71616f94d.js]
[assets.website-files.com/5e80894f63c557e083ed96b4/5e8330149a30c574961cfcf3_logan-weaver-WJUrYr5KqSw-unsplash.jpg]
[assets.website-files.com/5e80894f63c557e083ed96b4/5e8331bf54f5df307aa05c19_logan-weaver-DVWa-aq3_m4-unsplash.jpg]
[fitnesso.webflow.io/about.html]
[assets.website-files.com/5e80894f63c557e083ed96b4/5e80cc36d802d646728a8558_guillaume-bolduc-hdBaq9W0hRY-unsplash.jpg]
[fitnesso.webflow.io/free-workouts.html]
[fitnesso.webflow.io/shop.html]
[fitnesso.webflow.io/contact.html]
[assets.website-files.com/5e8303dd097a90ffd20e6b2f/5e836d043e2df5e919f76c81_geert-pieters-3RnkZpDqsEI-unsplash.jpg]
[fitnesso.webflow.io/free-plans/the-perfect-outdoor-workout.html]
[fitnesso.webflow.io/product/home-burn.html]
[fitnesso.webflow.io/product/shedded-meal-plan.html]
[fitnesso.webflow.io/product/high-intensity-training.html]
[assets.website-files.com/5e80894f63c557e083ed96b4/5e80cc35957e0af8162fadc8_bruno-nascimento-PHIgYUGQPvU-unsplash.jpg]
[assets.website-files.com/5e8303dd097a90ffd20e6b2f/5e8484dbe2c9ccd2fbe7b26f_guillaume-bolduc-k_oBq1mdzY4-unsplash.jpg]
[assets.website-files.com/5e8303dd097a90ffd20e6b2f/5e848503f368a42f880df7fb_logan-weaver-Oyw8t2UTUWQ-unsplash.jpg]
[fitnesso.webflow.io/blog.html]
[assets.website-files.com/5e80894f63c557e083ed96b4/5e83794dbc21652bb8db9a7b_Fonts Image.png]
[assets.website-files.com/5e80894f63c557e083ed96b4/5e837aae752212c4959ad8d0_5e6231134527705a3046043e_Home.png]
[fitnesso.webflow.io/licencing.html]
[fitnesso.webflow.io/checkout]
[fitnesso.webflow.io/free-plans/back-day]
[fitnesso.webflow.io/free-plans/the-ultimate-abs-tabata]
[fitnesso.webflow.io/post/the-10-best-exercises-to-do-in-your-park]
[fitnesso.webflow.io/post/healthy-breakfast-ideas]
[fitnesso.webflow.io/post/my-life-changing-experience]
[fitnesso.webflow.io/brand-guidelines/style-guide]
[fitnesso.webflow.io/category/nutrition]
[fitnesso.webflow.io/category/training]
[fitnesso.webflow.io/blog-categories/weight-loss]
[fitnesso.webflow.io/blog-categories/training]
[fitnesso.webflow.io/post/the-benefits-of-hiit-workouts]
[fitnesso.webflow.io/post/can-you-have-a-good-workout-at-home]
